[debug] [2019-08-28T14:27:15.421Z] ----------------------------------------------------------------------
[debug] [2019-08-28T14:27:15.425Z] Command:       D:\Programs\nodejs\node.exe C:\Users\necag\AppData\Roaming\npm\node_modules\firebase-tools\lib\bin\firebase.js --project booker-f7c51 serve
[debug] [2019-08-28T14:27:15.425Z] CLI Version:   7.2.4
[debug] [2019-08-28T14:27:15.425Z] Platform:      win32
[debug] [2019-08-28T14:27:15.425Z] Node Version:  v10.16.3
[debug] [2019-08-28T14:27:15.427Z] Time:          Wed Aug 28 2019 16:27:15 GMT+0200 (GMT+02:00)
[debug] [2019-08-28T14:27:15.427Z] ----------------------------------------------------------------------
[debug] 
[debug] [2019-08-28T14:27:15.435Z] > command requires scopes: ["email","openid","https://www.googleapis.com/auth/cloudplatformprojects.readonly","https://www.googleapis.com/auth/firebase","https://www.googleapis.com/auth/cloud-platform"]
[debug] [2019-08-28T14:27:15.436Z] > authorizing via signed-in user
[debug] [2019-08-28T14:27:15.436Z] [iam] checking project booker-f7c51 for permissions ["firebase.projects.get"]
[debug] [2019-08-28T14:27:15.438Z] >>> HTTP REQUEST POST https://cloudresourcemanager.googleapis.com/v1/projects/booker-f7c51:testIamPermissions  

[debug] [2019-08-28T14:27:16.361Z] <<< HTTP RESPONSE 200
[debug] [2019-08-28T14:27:16.365Z] >>> HTTP REQUEST GET https://firebase.googleapis.com/v1beta1/projects/booker-f7c51  
 
[debug] [2019-08-28T14:27:16.629Z] <<< HTTP RESPONSE 200
[info] 
[info] === Serving from 'C:\Users\necag\Desktop\Verschiedene\Web Dev Projects\GitHub-HBB'...
[info] 
[debug] [2019-08-28T14:27:16.638Z] >>> HTTP REQUEST GET https://firebase.googleapis.com/v1beta1/projects/booker-f7c51/webApps/-/config  
 
[debug] [2019-08-28T14:27:16.938Z] <<< HTTP RESPONSE 200
[info] i  hosting: Serving hosting files from: hbb
[info] +  hosting: Local server: http://localhost:5000
